<?xml version="1.0" encoding="UTF-8"?>
<!-- Generated by org.testng.reporters.JUnitReportReporter -->
<testsuite skipped="0" hostname="DESKTOP-B8AN0BT" name="testcases.NSOperationViewTest" tests="1" failures="0" timestamp="10 Jan 2019 04:18:14 GMT" time="18.823" errors="0">
  <testcase name="nSOperationView" time="18.823" classname="testcases.NSOperationViewTest"/>
</testsuite> <!-- testcases.NSOperationViewTest -->
