<?xml version="1.0" encoding="UTF-8"?>
<!-- Generated by org.testng.reporters.JUnitReportReporter -->
<testsuite skipped="0" hostname="DESKTOP-B8AN0BT" name="testcases.OneMonthOperationViewTest" tests="1" failures="0" timestamp="10 Jan 2019 04:18:14 GMT" time="12.036" errors="0">
  <testcase name="oneMonthOperationViewTest" time="12.036" classname="testcases.OneMonthOperationViewTest"/>
</testsuite> <!-- testcases.OneMonthOperationViewTest -->
