<?xml version="1.0" encoding="UTF-8"?>
<!-- Generated by org.testng.reporters.JUnitReportReporter -->
<testsuite skipped="0" hostname="DESKTOP-B8AN0BT" name="testcases.SelectConfigurationTest" tests="1" failures="0" timestamp="14 Mar 2019 09:18:06 GMT" time="19.172" errors="0">
  <testcase name="selectConfiguration" time="19.172" classname="testcases.SelectConfigurationTest"/>
</testsuite> <!-- testcases.SelectConfigurationTest -->
