<?xml version="1.0" encoding="UTF-8"?>
<!-- Generated by org.testng.reporters.JUnitReportReporter -->
<testsuite hostname="ip-192-168-2-122.ec2.internal" failures="0" tests="1" name="testcases.LikeTweetTest" time="4.182" errors="0" timestamp="27 Feb 2020 12:59:11 GMT" skipped="0">
  <testcase classname="testcases.LikeTweetTest" name="likeTweetTest" time="4.182"/>
</testsuite> <!-- testcases.LikeTweetTest -->
