<?xml version="1.0" encoding="UTF-8"?>
<!-- Generated by org.testng.reporters.JUnitReportReporter -->
<testsuite skipped="0" hostname="DESKTOP-B8AN0BT" name="testcases.SelectConfiguration" tests="1" failures="0" timestamp="17 Jan 2019 04:54:34 GMT" time="12.112" errors="0">
  <testcase name="nSAlertInvestigation" time="12.112" classname="testcases.SelectConfiguration"/>
</testsuite> <!-- testcases.SelectConfiguration -->
