<?xml version="1.0" encoding="UTF-8"?>
<!-- Generated by org.testng.reporters.JUnitReportReporter -->
<testsuite skipped="0" hostname="DESKTOP-B8AN0BT" name="testcases.SearchTest" tests="1" failures="0" timestamp="14 Mar 2019 09:18:06 GMT" time="15.372" errors="0">
  <testcase name="searchTest" time="15.372" classname="testcases.SearchTest"/>
</testsuite> <!-- testcases.SearchTest -->
