<?xml version="1.0" encoding="UTF-8"?>
<!-- Generated by org.testng.reporters.JUnitReportReporter -->
<testsuite skipped="0" hostname="DESKTOP-B8AN0BT" name="testcases.ReconciliationTest" tests="1" failures="0" timestamp="25 Dec 2019 10:13:13 GMT" time="11.787" errors="0">
  <testcase name="reconciliationTest" time="11.787" classname="testcases.ReconciliationTest"/>
</testsuite> <!-- testcases.ReconciliationTest -->
