<?xml version="1.0" encoding="UTF-8"?>
<!-- Generated by org.testng.reporters.JUnitReportReporter -->
<testsuite skipped="0" hostname="DESKTOP-B8AN0BT" name="testcases.NSRiskViewTest" tests="1" failures="0" timestamp="10 Jan 2019 04:18:14 GMT" time="13.104" errors="0">
  <testcase name="nSriskView" time="13.104" classname="testcases.NSRiskViewTest"/>
</testsuite> <!-- testcases.NSRiskViewTest -->
